<?xml version="1.0" encoding="UTF-8"?>
<testsuite xmlns:xsi="http://www.w3.org/2001/XMLSchema-instance" xsi:noNamespaceSchemaLocation="https://maven.apache.org/surefire/maven-surefire-plugin/xsd/surefire-test-report-3.0.xsd" version="3.0" name="com.example.shop.PricingServiceTest" time="0.0" tests="6" errors="0" skipped="0" failures="0">
  <properties>
[...]
</properties>
  <testcase name="testCalculateTaxNegativeSubtotalThrowsException" classname="com.example.shop.PricingServiceTest" time="0.0"/>
  <testcase name="testCalculateTaxZero" classname="com.example.shop.PricingServiceTest" time="0.0"/>
  <testcase name="testCalculateSubtotalMultipleItems" classname="com.example.shop.PricingServiceTest" time="0.0"/>
  <testcase name="testCalculateSubtotalSingleItem" classname="com.example.shop.PricingServiceTest" time="0.0"/>
  <testcase name="testCalculateTaxNormal" classname="com.example.shop.PricingServiceTest" time="0.0"/>
  <testcase name="testCalculateSubtotalEmptyOrder" classname="com.example.shop.PricingServiceTest" time="0.0"/>
</testsuite>